0 info it worked if it ends with ok
1 verbose cli [ 'E:\\nodejs\\node.exe',
1 verbose cli   'C:\\Users\\xing9\\AppData\\Roaming\\npm\\node_modules\\npm\\bin\\npm-cli.js',
1 verbose cli   'install' ]
2 info using npm@3.0.0
3 info using node@v6.11.2
4 silly loadCurrentTree Starting
5 silly install loadCurrentTree
6 silly install readLocalPackageData
7 silly rollbackFailedOptional Starting
8 silly rollbackFailedOptional Finishing
9 silly runTopLevelLifecycles Starting
10 silly runTopLevelLifecycles Finishing
11 silly install printInstalled
12 verbose stack Error: ENOENT: no such file or directory, open 'E:\Klaus_items\laura\node_modules\ejs\package.json'
12 verbose stack     at Error (native)
13 verbose cwd E:\Klaus_items\laura
14 error Windows_NT 10.0.14393
15 error argv "E:\\nodejs\\node.exe" "C:\\Users\\xing9\\AppData\\Roaming\\npm\\node_modules\\npm\\bin\\npm-cli.js" "install"
16 error node v6.11.2
17 error npm  v3.0.0
18 error path E:\Klaus_items\laura\node_modules\ejs\package.json
19 error code ENOENT
20 error errno -4058
21 error syscall open
22 error enoent ENOENT: no such file or directory, open 'E:\Klaus_items\laura\node_modules\ejs\package.json'
22 error enoent This is most likely not a problem with npm itself
22 error enoent and is related to npm not being able to find a file.
23 verbose exit [ -4058, true ]
